<?xml version="1.0" encoding="UTF-8"?>
<testsuite name="com.brigelabz.EmployeePayrollServiceTest" tests="1" skipped="0" failures="0" errors="0" timestamp="2021-08-13T09:34:16" hostname="LAPTOP-QHGU1R2U" time="0.032">
  <properties/>
  <testcase name="given3EmployeeWhenWrittenToFileShouldMatchEmployeeEntries" classname="com.brigelabz.EmployeePayrollServiceTest" time="0.032"/>
  <system-out><![CDATA[]]></system-out>
  <system-err><![CDATA[]]></system-err>
</testsuite>
