<?xml version="1.0" encoding="UTF-8"?>
<testsuite name="com.brigelabz.EmployeePayrollServiceTest" tests="1" skipped="0" failures="0" errors="0" timestamp="2021-08-13T10:27:54" hostname="LAPTOP-QHGU1R2U" time="0.037">
  <properties/>
  <testcase name="given3EmployeeWhenWrittenToFileShouldMatchEmployeeEntries" classname="com.brigelabz.EmployeePayrollServiceTest" time="0.037"/>
  <system-out><![CDATA[id = 1 name = Jeff Bezos salary = 100000.0
id = 2 name = Bill Gates salary = 200000.0
id = 3 name = Mark Zuckerbarg salary = 300000.0
]]></system-out>
  <system-err><![CDATA[]]></system-err>
</testsuite>
