<?xml version="1.0" encoding="UTF-8"?>
<testsuite name="com.brigelabz.NIOFileAPITest" tests="1" skipped="0" failures="0" errors="0" timestamp="2021-08-12T08:36:00" hostname="LAPTOP-QHGU1R2U" time="0.071">
  <properties/>
  <testcase name="givenPathWhenCheckedThenConfirm" classname="com.brigelabz.NIOFileAPITest" time="0.071"/>
  <system-out><![CDATA[C:\Users\Arjun\TempPlayGround\temp1
C:\Users\Arjun\TempPlayGround\temp2
C:\Users\Arjun\TempPlayGround\temp3
C:\Users\Arjun\TempPlayGround\temp4
C:\Users\Arjun\TempPlayGround\temp5
C:\Users\Arjun\TempPlayGround\temp6
C:\Users\Arjun\TempPlayGround\temp7
C:\Users\Arjun\TempPlayGround\temp8
C:\Users\Arjun\TempPlayGround\temp9
C:\Users\Arjun\TempPlayGround\temp1
C:\Users\Arjun\TempPlayGround\temp2
C:\Users\Arjun\TempPlayGround\temp3
C:\Users\Arjun\TempPlayGround\temp4
C:\Users\Arjun\TempPlayGround\temp5
C:\Users\Arjun\TempPlayGround\temp6
C:\Users\Arjun\TempPlayGround\temp7
C:\Users\Arjun\TempPlayGround\temp8
C:\Users\Arjun\TempPlayGround\temp9
]]></system-out>
  <system-err><![CDATA[]]></system-err>
</testsuite>
