<?xml version="1.0" encoding="UTF-8"?>
<testsuite name="com.brigelabz.EmployeePayrollServiceTest" tests="1" skipped="0" failures="0" errors="0" timestamp="2021-08-18T11:10:25" hostname="LAPTOP-QHGU1R2U" time="0.67">
  <properties/>
  <testcase name="givenDataInDB_WhenRetrieved_ShouldMatchTheCount" classname="com.brigelabz.EmployeePayrollServiceTest" time="0.67"/>
  <system-out><![CDATA[Connecting to database : jdbc:mysql://localhost:3306/payroll_service?useSSL=false
Connection to the Database Successful : com.mysql.jdbc.JDBC4Connection@7dbbc665
]]></system-out>
  <system-err><![CDATA[]]></system-err>
</testsuite>
